[26Dec2024 00:03:32.255] [Server thread/WARN] [net.minecraft.server.level.ServerPlayerGameMode/]: Mismatch in destroy block pos: BlockPos{x=30, y=100, z=-51} BlockPos{x=31, y=80, z=-27}
[26Dec2024 00:04:19.434] [Server thread/INFO] [net.minecraft.server.MinecraftServer/]: PhantomThief1210 has made the advancement [Cover Me with Diamonds]
[26Dec2024 00:04:21.031] [Server thread/INFO] [net.minecraft.server.MinecraftServer/]: PhantomThief1210 has made the advancement [Suit Up]
[26Dec2024 00:04:39.034] [Server thread/INFO] [net.minecraft.server.MinecraftServer/]: PhantomThief1210 has made the advancement [Acquire Hardware]
[26Dec2024 00:05:23.383] [Server thread/WARN] [net.minecraft.server.MinecraftServer/]: Can't keep up! Is the server overloaded? Running 2011ms or 40 ticks behind
[26Dec2024 00:06:25.805] [Server thread/WARN] [net.minecraft.server.level.ServerPlayerGameMode/]: Mismatch in destroy block pos: BlockPos{x=17, y=109, z=-26} BlockPos{x=46, y=118, z=1}
[26Dec2024 00:06:25.859] [Server thread/WARN] [net.minecraft.server.level.ServerPlayerGameMode/]: Mismatch in destroy block pos: BlockPos{x=17, y=109, z=-26} BlockPos{x=45, y=118, z=1}
[26Dec2024 00:06:36.982] [Server thread/INFO] [net.minecraft.server.network.ServerGamePacketListenerImpl/]: PhantomThief1210 lost connection: Disconnected
[26Dec2024 00:06:36.993] [Server thread/INFO] [net.minecraft.server.MinecraftServer/]: PhantomThief1210 left the game
[26Dec2024 00:08:18.487] [Server thread/WARN] [net.minecraft.server.MinecraftServer/]: Can't keep up! Is the server overloaded? Running 2016ms or 40 ticks behind
[26Dec2024 00:11:33.010] [Server thread/INFO] [net.minecraft.server.MinecraftServer/]: [MazeHero547: Set own game mode to Creative Mode]
[26Dec2024 00:12:20.397] [Server thread/INFO] [net.minecraft.server.MinecraftServer/]: [MazeHero547: Set own game mode to Survival Mode]
[26Dec2024 00:12:29.317] [Server thread/INFO] [net.minecraft.server.players.PlayerList/]: PhantomThief1210[/127.210.42.172:39629] logged in with entity id 18301 at (41.64810608964613, 119.0, 0.8586371647597931)
[26Dec2024 00:12:29.381] [Server thread/INFO] [net.minecraft.server.MinecraftServer/]: PhantomThief1210 joined the game
[26Dec2024 00:12:29.640] [Server thread/INFO] [ToolLeveling+/]: Sending config 'tool_leveling_table.json' to player 'PhantomThief1210'
[26Dec2024 00:12:29.641] [Server thread/INFO] [ToolLeveling+/]: Sending config 'command_config.json' to player 'PhantomThief1210'
[26Dec2024 00:12:29.642] [Server thread/INFO] [Jade/]: Syncing config to PhantomThief1210 (b7338506-28d6-390e-bb09-dd87e5141cfd)
[26Dec2024 00:13:49.483] [Server thread/INFO] [net.minecraft.server.network.ServerGamePacketListenerImpl/]: PhantomThief1210 lost connection: Disconnected
[26Dec2024 00:13:49.484] [Server thread/INFO] [net.minecraft.server.MinecraftServer/]: PhantomThief1210 left the game
[26Dec2024 00:13:49.485] [Server thread/INFO] [net.minecraft.server.MinecraftServer/]: PhantomThief1210 was slain by Cloud Golem
